{
  "RSpec": {
    "coverage": {
      "/app/app/models/customer.rb": {
        "lines": [
          1,
          1,
          1,
          1,
          1,
          1,
          null,
          1,
          1,
          1,
          52,
          null,
          1,
          null,
          42,
          null,
          null,
          null,
          null,
          null,
          null,
          null,
          null,
          1,
          94,
          null,
          null,
          1,
          9,
          9,
          null,
          null,
          1,
          303,
          0,
          null,
          null,
          null,
          1,
          1,
          null,
          null,
          null,
          1,
          25,
          null,
          25,
          24,
          1,
          1,
          null,
          null,
          25,
          98,
          null,
          null,
          25,
          null,
          null,
          1,
          null,
          1,
          1,
          null,
          null,
          null,
          null,
          null,
          null,
          null,
          null,
          1,
          98,
          98,
          98,
          null,
          98,
          98,
          98,
          98,
          null,
          null,
          98,
          97,
          97,
          97,
          null,
          null,
          null,
          1,
          null,
          98,
          null,
          null,
          null,
          null,
          null,
          1,
          null,
          97,
          null,
          null,
          null,
          null,
          null,
          null,
          null,
          null
        ]
      },
      "/app/app/models/application_record.rb": {
        "lines": [
          1,
          1,
          null
        ]
      },
      "/app/app/models/vehicle.rb": {
        "lines": [
          1,
          1,
          1,
          1,
          1,
          1,
          1,
          null,
          1,
          1,
          1,
          null,
          null,
          1,
          null,
          55,
          null,
          null,
          null,
          null,
          null,
          null,
          null,
          null,
          null,
          1,
          102,
          102,
          null,
          102,
          100,
          null,
          null,
          102,
          null,
          null
        ]
      },
      "/app/app/controllers/customers_controller.rb": {
        "lines": [
          1,
          1,
          1,
          1,
          null,
          1,
          5,
          5,
          5,
          null,
          5,
          4,
          null,
          1,
          null,
          null,
          null,
          0,
          null,
          null,
          1,
          2,
          1,
          null,
          null,
          1,
          null,
          null,
          1,
          2,
          2,
          1,
          1,
          null,
          1,
          null,
          2,
          null,
          null,
          0,
          null,
          null,
          1,
          2,
          1,
          1,
          null,
          null,
          1,
          null,
          null,
          1,
          2,
          1,
          1,
          null,
          null,
          1,
          null,
          null,
          1,
          null,
          1,
          4,
          null,
          2,
          2,
          null,
          null,
          2,
          2,
          null,
          null,
          null,
          null,
          null,
          0,
          null,
          null,
          null,
          1,
          2,
          null,
          null,
          null,
          null,
          null,
          null,
          null
        ]
      },
      "/app/app/controllers/application_controller.rb": {
        "lines": [
          1,
          1,
          null
        ]
      },
      "/app/app/errors/customer_error.rb": {
        "lines": [
          1
        ]
      },
      "/app/app/controllers/vehicles_controller.rb": {
        "lines": [
          1,
          1,
          1,
          null,
          null,
          1,
          2,
          null,
          null,
          1,
          null,
          null,
          1,
          1,
          null,
          null,
          0,
          null,
          null,
          1,
          2,
          1,
          1,
          null,
          null,
          1,
          null,
          null,
          1,
          2,
          1,
          1,
          null,
          null,
          1,
          null,
          null,
          1,
          null,
          1,
          2,
          null,
          null,
          null,
          null,
          null,
          null,
          null
        ]
      }
    },
    "timestamp": 1628893765
  }
}
